1554726310331	mozrunner::runner	INFO	Running command: "C:\\Program Files\\Mozilla Firefox\\firefox.exe" "-marionette" "-foreground" "-no-remote" "-profile" "C:\\Users\\fang\\AppData\\Local\\Temp\\rust_mozprofile.aoILmtP0jMCI"
1554726311897	addons.webextension.screenshots@mozilla.org	WARN	Loading extension 'screenshots@mozilla.org': Reading manifest: Invalid extension permission: mozillaAddons
1554726311897	addons.webextension.screenshots@mozilla.org	WARN	Loading extension 'screenshots@mozilla.org': Reading manifest: Invalid extension permission: resource://pdf.js/
1554726311897	addons.webextension.screenshots@mozilla.org	WARN	Loading extension 'screenshots@mozilla.org': Reading manifest: Invalid extension permission: about:reader*
1554726315813	Marionette	INFO	Listening on port 57232
1554726315910	Marionette	WARN	TLS certificate errors will be ignored for this session
JavaScript error: , line 0: InvalidStateError: An attempt was made to use an object that is not, or is no longer, usable
JavaScript error: , line 0: InvalidStateError: An attempt was made to use an object that is not, or is no longer, usable
JavaScript error: https://g.alicdn.com/vip/login/0.5.65/js/login/nlogin.js?t=20151220, line 1: TypeError: b.cfg.elUserName.focus is not a function
[Parent 37492, Gecko_IOThread] WARNING: pipe error: 109: file z:/build/build/src/ipc/chromium/src/chrome/common/ipc_channel_win.cc, line 332
JavaScript error: , line 0: InvalidStateError: An attempt was made to use an object that is not, or is no longer, usable
1554726337202	Marionette	INFO	Stopped listening on port 57232
[Child 62880, Chrome_ChildThread] WARNING: pipe error: 109: file z:/build/build/src/ipc/chromium/src/chrome/common/ipc_channel_win.cc, line 332
[Child 62880, Chrome_ChildThread] WARNING: pipe error: 109: file z:/build/build/src/ipc/chromium/src/chrome/common/ipc_channel_win.cc, line 332
[Parent 37492, Gecko_IOThread] WARNING: pipe error: 109: file z:/build/build/src/ipc/chromium/src/chrome/common/ipc_channel_win.cc, line 332
[Child 45824, Chrome_ChildThread] WARNING: pipe error: 109: file z:/build/build/src/ipc/chromium/src/chrome/common/ipc_channel_win.cc, line 332
[Child 45824, Chrome_ChildThread] WARNING: pipe error: 109: file z:/build/build/src/ipc/chromium/src/chrome/common/ipc_channel_win.cc, line 332

###!!! [Child][RunMessage] Error: Channel closing: too late to send/recv, messages will be lost

[GPU 63288, Chrome_ChildThread] WARNING: pipe error: 109: file z:/build/build/src/ipc/chromium/src/chrome/common/ipc_channel_win.cc, line 332

###!!! [Child][MessageChannel::SendAndWait] Error: Channel error: cannot send/recv

1554726396759	mozrunner::runner	INFO	Running command: "C:\\Program Files\\Mozilla Firefox\\firefox.exe" "-marionette" "-foreground" "-no-remote" "-profile" "C:\\Users\\fang\\AppData\\Local\\Temp\\rust_mozprofile.G2xUvTZOc307"
1554726398343	addons.webextension.screenshots@mozilla.org	WARN	Loading extension 'screenshots@mozilla.org': Reading manifest: Invalid extension permission: mozillaAddons
1554726398344	addons.webextension.screenshots@mozilla.org	WARN	Loading extension 'screenshots@mozilla.org': Reading manifest: Invalid extension permission: resource://pdf.js/
1554726398344	addons.webextension.screenshots@mozilla.org	WARN	Loading extension 'screenshots@mozilla.org': Reading manifest: Invalid extension permission: about:reader*
1554726400874	Marionette	INFO	Listening on port 57362
1554726401097	Marionette	WARN	TLS certificate errors will be ignored for this session
JavaScript error: , line 0: InvalidStateError: An attempt was made to use an object that is not, or is no longer, usable
JavaScript error: , line 0: InvalidStateError: An attempt was made to use an object that is not, or is no longer, usable
JavaScript error: https://g.alicdn.com/vip/login/0.5.65/js/login/nlogin.js?t=20151220, line 1: TypeError: b.cfg.elUserName.focus is not a function
JavaScript error: , line 0: InvalidStateError: An attempt was made to use an object that is not, or is no longer, usable
1554726420681	Marionette	INFO	Stopped listening on port 57362
[Parent 61180, Gecko_IOThread] WARNING: pipe error: 109: file z:/build/build/src/ipc/chromium/src/chrome/common/ipc_channel_win.cc, line 332
[Child 59360, Chrome_ChildThread] WARNING: pipe error: 109: file z:/build/build/src/ipc/chromium/src/chrome/common/ipc_channel_win.cc, line 332
[Child 59360, Chrome_ChildThread] WARNING: pipe error: 109: file z:/build/build/src/ipc/chromium/src/chrome/common/ipc_channel_win.cc, line 332
[Child 55348, Chrome_ChildThread] WARNING: pipe error: 109: file z:/build/build/src/ipc/chromium/src/chrome/common/ipc_channel_win.cc, line 332
[Child 55348, Chrome_ChildThread] WARNING: pipe error: 109: file z:/build/build/src/ipc/chromium/src/chrome/common/ipc_channel_win.cc, line 332

###!!! [Child][RunMessage] Error: Channel closing: too late to send/recv, messages will be lost

[GPU 63036, Chrome_ChildThread] WARNING: pipe error: 109: file z:/build/build/src/ipc/chromium/src/chrome/common/ipc_channel_win.cc, line 332

###!!! [Child][MessageChannel::SendAndWait] Error: Channel error: cannot send/recv

1554726462308	mozrunner::runner	INFO	Running command: "C:\\Program Files\\Mozilla Firefox\\firefox.exe" "-marionette" "-foreground" "-no-remote" "-profile" "C:\\Users\\fang\\AppData\\Local\\Temp\\rust_mozprofile.G7GSP0EDkgHP"
1554726463745	addons.webextension.screenshots@mozilla.org	WARN	Loading extension 'screenshots@mozilla.org': Reading manifest: Invalid extension permission: mozillaAddons
1554726463745	addons.webextension.screenshots@mozilla.org	WARN	Loading extension 'screenshots@mozilla.org': Reading manifest: Invalid extension permission: resource://pdf.js/
1554726463746	addons.webextension.screenshots@mozilla.org	WARN	Loading extension 'screenshots@mozilla.org': Reading manifest: Invalid extension permission: about:reader*
1554726466173	Marionette	INFO	Listening on port 57479
1554726466651	Marionette	WARN	TLS certificate errors will be ignored for this session
JavaScript error: , line 0: InvalidStateError: An attempt was made to use an object that is not, or is no longer, usable
JavaScript error: , line 0: InvalidStateError: An attempt was made to use an object that is not, or is no longer, usable
JavaScript error: https://g.alicdn.com/vip/login/0.5.65/js/login/nlogin.js?t=20151220, line 1: TypeError: b.cfg.elUserName.focus is not a function
JavaScript error: , line 0: InvalidStateError: An attempt was made to use an object that is not, or is no longer, usable
1554726485490	Marionette	INFO	Stopped listening on port 57479
[Parent 58092, Gecko_IOThread] WARNING: pipe error: 109: file z:/build/build/src/ipc/chromium/src/chrome/common/ipc_channel_win.cc, line 332
[Parent 58092, Gecko_IOThread] WARNING: pipe error: 109: file z:/build/build/src/ipc/chromium/src/chrome/common/ipc_channel_win.cc, line 332
[Parent 58092, Gecko_IOThread] WARNING: pipe error: 109: file z:/build/build/src/ipc/chromium/src/chrome/common/ipc_channel_win.cc, line 332
[GPU 59516, Chrome_ChildThread] WARNING: pipe error: 109: file z:/build/build/src/ipc/chromium/src/chrome/common/ipc_channel_win.cc, line 332

###!!! [Child][MessageChannel::SendAndWait] Error: Channel error: cannot send/recv

